action: GLOB, msg: packaging
cwd: C:\Users\hp\carprices
cmd: 'C:\Users\hp\Anaconda3\envs\carp\python.exe' setup.py sdist --formats=zip --dist-dir '.tox\dist'
running sdist
running egg_info
writing predict_carprices.egg-info\PKG-INFO
writing dependency_links to predict_carprices.egg-info\dependency_links.txt
writing top-level names to predict_carprices.egg-info\top_level.txt
reading manifest file 'predict_carprices.egg-info\SOURCES.txt'
writing manifest file 'predict_carprices.egg-info\SOURCES.txt'
running check
warning: check: missing required meta-data: url

warning: check: missing meta-data: if 'author' supplied, 'author_email' must be supplied too

creating predict_carprices-0.0.1
creating predict_carprices-0.0.1\predict_carprices.egg-info
creating predict_carprices-0.0.1\src
creating predict_carprices-0.0.1\tests
copying files to predict_carprices-0.0.1...
copying README.md -> predict_carprices-0.0.1
copying setup.py -> predict_carprices-0.0.1
copying predict_carprices.egg-info\PKG-INFO -> predict_carprices-0.0.1\predict_carprices.egg-info
copying predict_carprices.egg-info\SOURCES.txt -> predict_carprices-0.0.1\predict_carprices.egg-info
copying predict_carprices.egg-info\dependency_links.txt -> predict_carprices-0.0.1\predict_carprices.egg-info
copying predict_carprices.egg-info\top_level.txt -> predict_carprices-0.0.1\predict_carprices.egg-info
copying src\__init__.py -> predict_carprices-0.0.1\src
copying src\get_data.py -> predict_carprices-0.0.1\src
copying src\load_data.py -> predict_carprices-0.0.1\src
copying src\split_data.py -> predict_carprices-0.0.1\src
copying src\train_and_evaluate.py -> predict_carprices-0.0.1\src
copying tests\__init__.py -> predict_carprices-0.0.1\tests
copying tests\conftest.py -> predict_carprices-0.0.1\tests
copying tests\test_config.py -> predict_carprices-0.0.1\tests
Writing predict_carprices-0.0.1\setup.cfg
creating '.tox\dist\predict_carprices-0.0.1.zip' and adding 'predict_carprices-0.0.1' to it
adding 'predict_carprices-0.0.1'
adding 'predict_carprices-0.0.1\predict_carprices.egg-info'
adding 'predict_carprices-0.0.1\src'
adding 'predict_carprices-0.0.1\tests'
adding 'predict_carprices-0.0.1\PKG-INFO'
adding 'predict_carprices-0.0.1\README.md'
adding 'predict_carprices-0.0.1\setup.cfg'
adding 'predict_carprices-0.0.1\setup.py'
adding 'predict_carprices-0.0.1\predict_carprices.egg-info\dependency_links.txt'
adding 'predict_carprices-0.0.1\predict_carprices.egg-info\PKG-INFO'
adding 'predict_carprices-0.0.1\predict_carprices.egg-info\SOURCES.txt'
adding 'predict_carprices-0.0.1\predict_carprices.egg-info\top_level.txt'
adding 'predict_carprices-0.0.1\src\get_data.py'
adding 'predict_carprices-0.0.1\src\load_data.py'
adding 'predict_carprices-0.0.1\src\split_data.py'
adding 'predict_carprices-0.0.1\src\train_and_evaluate.py'
adding 'predict_carprices-0.0.1\src\__init__.py'
adding 'predict_carprices-0.0.1\tests\conftest.py'
adding 'predict_carprices-0.0.1\tests\test_config.py'
adding 'predict_carprices-0.0.1\tests\__init__.py'
removing 'predict_carprices-0.0.1' (and everything under it)
